Start testing: Jan 24 20:01 IST
----------------------------------------------------------
1/1 Testing: run_tests
1/1 Test: run_tests
Command: "/home/subbaramaiah_chevuru/Runner/subbu_project/actions-runner/_work/subbu_project/subbu_project/build/test/run_tests"
Directory: /home/subbaramaiah_chevuru/subbu/subbu_project/build/test
"run_tests" start time: Jan 24 20:01 IST
Output:
----------------------------------------------------------
Current working directory: /home/subbaramaiah_chevuru/subbu/subbu_project/build/test
<end of output>
Test time =   0.01 sec
----------------------------------------------------------
Test Passed.
"run_tests" end time: Jan 24 20:01 IST
"run_tests" time elapsed: 00:00:00
----------------------------------------------------------

End testing: Jan 24 20:01 IST
